<?xml version="1.0" encoding="UTF-8"?>
<testsuites name="Validate if user can add new idea" time="30" tests="2" failures="0" errors="0">
   <testsuite name="Validate if user can add new idea" tests="2" failures="0" errors="0" time="30" timestamp="2019-02-04 15:40:54" hostname="JohnSeigfredManzanar - YSPC-STRATAPPQA" id="Test Suites/Regression/Ideation/Idea/Validate if user can add new idea">
      <properties>
         <property name="deviceName" value=""/>
         <property name="devicePlatform" value=""/>
         <property name="logFolder" value="C:\\Users\\JohnSeigfredManzanar\\Katalon Studio\\StratApp\\Reports\\Regression\\Ideation\\Idea\\Validate if user can add new idea\\20190204_154051"/>
         <property name="logFiles" value="C:\\Users\\JohnSeigfredManzanar\\Katalon Studio\\StratApp\\Reports\\Regression\\Ideation\\Idea\\Validate if user can add new idea\\20190204_154051\\execution0.log"/>
         <property name="attachments" value=""/>
         <property name="hostName" value="JohnSeigfredManzanar - YSPC-STRATAPPQA"/>
         <property name="os" value="Windows 10 64bit"/>
         <property name="katalonVersion" value="5.10.1.1"/>
         <property name="browser" value="Chrome 71.0.3578.98"/>
         <property name="hostAddress" value="192.168.56.1"/>
         <property name="sessionId" value="e9a5924e6d18ceb675be635aa20f9e9a"/>
         <property name="seleniumVersion" value="3.7.1"/>
         <property name="proxyInformation" value="ProxyInformation{proxyOption=NO_PROXY, proxyServerType=HTTP, password=, proxyServerAddress=, proxyServerPort=0}"/>
         <property name="platform" value="Windows 10"/>
      </properties>
      <testcase name="Test Cases/TEMPLATES/LOGIN/LOGIN_TEMPLATE" classname="Test Cases/TEMPLATES/LOGIN/LOGIN_TEMPLATE" status="PASSED">
         <system-out><![CDATA[2019-02-04 15:40:54 - [TEST_CASE][PASSED] - Test Cases/TEMPLATES/LOGIN/LOGIN_TEMPLATE: Test Cases/TEMPLATES/LOGIN/LOGIN_TEMPLATE

2019-02-04 15:40:55 - [TEST_STEP][PASSED] - openBrowser("https://app.stratapp.ai/"): Browser is opened with url: 'https://app.stratapp.ai/'

2019-02-04 15:40:55 - [MESSAGE][INFO] - Starting 'Chrome' driver

2019-02-04 15:40:55 - [MESSAGE][INFO] - Action delay is set to 0 seconds

2019-02-04 15:41:01 - [MESSAGE][PASSED] - Browser is opened with url: 'https://app.stratapp.ai/'

2019-02-04 15:41:01 - [TEST_STEP][PASSED] - maximizeWindow(): Current window maximized

2019-02-04 15:41:03 - [MESSAGE][PASSED] - Current window maximized

2019-02-04 15:41:03 - [TEST_STEP][PASSED] - waitForElementPresent(findTestObject("LOGIN/EMAIL_ADD_TEXTFIELD"), 60): Object 'Object Repository/LOGIN/EMAIL_ADD_TEXTFIELD' is present

2019-02-04 15:41:03 - [MESSAGE][PASSED] - Object 'Object Repository/LOGIN/EMAIL_ADD_TEXTFIELD' is present

2019-02-04 15:41:03 - [TEST_STEP][PASSED] - setText(findTestObject("LOGIN/EMAIL_ADD_TEXTFIELD"), "noreply@you-source.com"): Text 'noreply@you-source.com' is set on object 'Object Repository/LOGIN/EMAIL_ADD_TEXTFIELD'

2019-02-04 15:41:03 - [MESSAGE][PASSED] - Text 'noreply@you-source.com' is set on object 'Object Repository/LOGIN/EMAIL_ADD_TEXTFIELD'

2019-02-04 15:41:03 - [TEST_STEP][PASSED] - click(findTestObject("LOGIN/NEXT_BUTTON")): Object: 'Object Repository/LOGIN/NEXT_BUTTON' is clicked on

2019-02-04 15:41:03 - [MESSAGE][PASSED] - Object: 'Object Repository/LOGIN/NEXT_BUTTON' is clicked on

2019-02-04 15:41:03 - [TEST_STEP][PASSED] - isGoogle = verifyElementPresent(findTestObject("LOGIN/GOOGLE_LABEL"), 60): Object 'Object Repository/LOGIN/GOOGLE_LABEL' is present

2019-02-04 15:41:04 - [MESSAGE][PASSED] - Object 'Object Repository/LOGIN/GOOGLE_LABEL' is present

2019-02-04 15:41:04 - [TEST_STEP][PASSED] - if (isGoogle): Object: 'Object Repository/LOGIN/GOOGLE_SIGNIN_BUTTON' is clicked on

2019-02-04 15:41:04 - [TEST_STEP][PASSED] - setText(findTestObject("LOGIN/GOOGLE_EMAIL_TEXTFIELD"), "noreply@you-source.com"): Text 'noreply@you-source.com' is set on object 'Object Repository/LOGIN/GOOGLE_EMAIL_TEXTFIELD'

2019-02-04 15:41:04 - [MESSAGE][PASSED] - Text 'noreply@you-source.com' is set on object 'Object Repository/LOGIN/GOOGLE_EMAIL_TEXTFIELD'

2019-02-04 15:41:04 - [TEST_STEP][PASSED] - click(findTestObject("LOGIN/GOOGLE_NEXT_BUTTON")): Object: 'Object Repository/LOGIN/GOOGLE_NEXT_BUTTON' is clicked on

2019-02-04 15:41:04 - [MESSAGE][PASSED] - Object: 'Object Repository/LOGIN/GOOGLE_NEXT_BUTTON' is clicked on

2019-02-04 15:41:04 - [TEST_STEP][PASSED] - setText(findTestObject("LOGIN/GOOGLE_PASSWORD_TEXTFIELD"), "yousource321"): Text 'yousource321' is set on object 'Object Repository/LOGIN/GOOGLE_PASSWORD_TEXTFIELD'

2019-02-04 15:41:05 - [MESSAGE][PASSED] - Text 'yousource321' is set on object 'Object Repository/LOGIN/GOOGLE_PASSWORD_TEXTFIELD'

2019-02-04 15:41:05 - [TEST_STEP][PASSED] - click(findTestObject("LOGIN/GOOGLE_SIGNIN_BUTTON")): Object: 'Object Repository/LOGIN/GOOGLE_SIGNIN_BUTTON' is clicked on

2019-02-04 15:41:09 - [MESSAGE][PASSED] - Object: 'Object Repository/LOGIN/GOOGLE_SIGNIN_BUTTON' is clicked on

2019-02-04 15:41:09 - [TEST_STEP][PASSED] - waitForElementPresent(findTestObject("HOME/HEADLINES_TAB"), 60): Object 'Object Repository/HOME/HEADLINES_TAB' is present

2019-02-04 15:41:09 - [MESSAGE][PASSED] - Object 'Object Repository/HOME/HEADLINES_TAB' is present

2019-02-04 15:41:09 - [TEST_STEP][PASSED] - stratapp.Login.GetUserName(): stratapp.Login.GetUserName is PASSED

2019-02-04 15:41:09 - [MESSAGE][INFO] - User JSON {"firstName":"No","lastName":"Reply","fullName":"No Reply","tenantId":"f385ee6b-2a69-4463-9fc8-01259f2c5c03","userId":"37c0108d-8dbd-46cd-aeeb-ca484d1d8c22","role":["PeopleAdmin","StrategyAdmin","IdeationAdmin","HeadlinesAdmin","HRAdmin","BillingAdmin","Admin","SuperAdmin"]}

2019-02-04 15:41:09 - [MESSAGE][INFO] - Full Name: No Reply

2019-02-04 15:41:09 - [MESSAGE][PASSED] - stratapp.Login.GetUserName is PASSED]]></system-out>
         <system-err><![CDATA[]]></system-err>
      </testcase>
      <testcase name="Test Cases/TEMPLATES/IDEATION/IDEA/IDEA_ADD_TEMPLATE" classname="Test Cases/TEMPLATES/IDEATION/IDEA/IDEA_ADD_TEMPLATE" status="PASSED">
         <system-out><![CDATA[2019-02-04 15:41:09 - [TEST_CASE][PASSED] - Test Cases/TEMPLATES/IDEATION/IDEA/IDEA_ADD_TEMPLATE: Test Cases/TEMPLATES/IDEATION/IDEA/IDEA_ADD_TEMPLATE

2019-02-04 15:41:10 - [TEST_STEP][PASSED] - waitForElementClickable(findTestObject("MENU/IDEATION_TAB"), 60): Object 'Object Repository/MENU/IDEATION_TAB' is clickable

2019-02-04 15:41:10 - [MESSAGE][PASSED] - Object 'Object Repository/MENU/IDEATION_TAB' is clickable

2019-02-04 15:41:10 - [TEST_STEP][PASSED] - mouseOver(findTestObject("MENU/IDEATION_TAB"), STOP_ON_FAILURE): Object: 'Object Repository/MENU/IDEATION_TAB' is hovered

2019-02-04 15:41:10 - [MESSAGE][PASSED] - Object: 'Object Repository/MENU/IDEATION_TAB' is hovered

2019-02-04 15:41:10 - [TEST_STEP][PASSED] - click(findTestObject("MENU/IDEATION_TAB")): Object: 'Object Repository/MENU/IDEATION_TAB' is clicked on

2019-02-04 15:41:10 - [MESSAGE][PASSED] - Object: 'Object Repository/MENU/IDEATION_TAB' is clicked on

2019-02-04 15:41:10 - [TEST_STEP][PASSED] - waitForElementPresent(findTestObject("IDEATION/TABS/IDEAS_TAB"), 60): Object 'Object Repository/IDEATION/TABS/IDEAS_TAB' is present

2019-02-04 15:41:10 - [MESSAGE][PASSED] - Object 'Object Repository/IDEATION/TABS/IDEAS_TAB' is present

2019-02-04 15:41:10 - [TEST_STEP][PASSED] - mouseOver(findTestObject("IDEATION/TABS/IDEAS_TAB"), STOP_ON_FAILURE): Object: 'Object Repository/IDEATION/TABS/IDEAS_TAB' is hovered

2019-02-04 15:41:11 - [MESSAGE][PASSED] - Object: 'Object Repository/IDEATION/TABS/IDEAS_TAB' is hovered

2019-02-04 15:41:11 - [TEST_STEP][PASSED] - click(findTestObject("IDEATION/TABS/IDEAS_TAB")): Object: 'Object Repository/IDEATION/TABS/IDEAS_TAB' is clicked on

2019-02-04 15:41:11 - [MESSAGE][PASSED] - Object: 'Object Repository/IDEATION/TABS/IDEAS_TAB' is clicked on

2019-02-04 15:41:11 - [TEST_STEP][PASSED] - waitForElementClickable(findTestObject("IDEATION/IDEAS/LV_PLUS_SIGN_BUTTON"), 60): Object 'Object Repository/IDEATION/IDEAS/LV_PLUS_SIGN_BUTTON' is clickable

2019-02-04 15:41:12 - [MESSAGE][PASSED] - Object 'Object Repository/IDEATION/IDEAS/LV_PLUS_SIGN_BUTTON' is clickable

2019-02-04 15:41:12 - [TEST_STEP][PASSED] - mouseOver(findTestObject("IDEATION/IDEAS/LV_PLUS_SIGN_BUTTON")): Object: 'Object Repository/IDEATION/IDEAS/LV_PLUS_SIGN_BUTTON' is hovered

2019-02-04 15:41:12 - [MESSAGE][PASSED] - Object: 'Object Repository/IDEATION/IDEAS/LV_PLUS_SIGN_BUTTON' is hovered

2019-02-04 15:41:12 - [TEST_STEP][PASSED] - click(findTestObject("IDEATION/IDEAS/LV_PLUS_SIGN_BUTTON")): Object: 'Object Repository/IDEATION/IDEAS/LV_PLUS_SIGN_BUTTON' is clicked on

2019-02-04 15:41:12 - [MESSAGE][PASSED] - Object: 'Object Repository/IDEATION/IDEAS/LV_PLUS_SIGN_BUTTON' is clicked on

2019-02-04 15:41:12 - [TEST_STEP][PASSED] - click(findTestObject("IDEATION/IDEAS/LV_ADD_IDEA_BUTTON")): Object: 'Object Repository/IDEATION/IDEAS/LV_ADD_IDEA_BUTTON' is clicked on

2019-02-04 15:41:12 - [MESSAGE][PASSED] - Object: 'Object Repository/IDEATION/IDEAS/LV_ADD_IDEA_BUTTON' is clicked on

2019-02-04 15:41:12 - [TEST_STEP][PASSED] - setText(findTestObject("IDEATION/IDEAS/OC_TITLE_TEXTFIELD"), IDEA_TITLE): Text 'AUTO IDEA VALID TITLE' is set on object 'Object Repository/IDEATION/IDEAS/OC_TITLE_TEXTFIELD'

2019-02-04 15:41:13 - [MESSAGE][PASSED] - Text 'AUTO IDEA VALID TITLE' is set on object 'Object Repository/IDEATION/IDEAS/OC_TITLE_TEXTFIELD'

2019-02-04 15:41:13 - [TEST_STEP][PASSED] - sendKeys(findTestObject("IDEATION/IDEAS/OC_TITLE_TEXTFIELD"), Keys.chord(TAB)): Keys 'TAB + ' sent to object: 'Object Repository/IDEATION/IDEAS/OC_TITLE_TEXTFIELD'

2019-02-04 15:41:13 - [MESSAGE][PASSED] - Keys 'TAB + ' sent to object: 'Object Repository/IDEATION/IDEAS/OC_TITLE_TEXTFIELD'

2019-02-04 15:41:13 - [TEST_STEP][PASSED] - waitForElementVisible(findTestObject("IDEATION/IDEAS/OC_STATUS_FIELD"), 0): Object 'Object Repository/IDEATION/IDEAS/OC_STATUS_FIELD' is visible

2019-02-04 15:41:13 - [MESSAGE][WARNING] - Timeout '0' is invalid. Using default page load timeout: '30'

2019-02-04 15:41:13 - [MESSAGE][PASSED] - Object 'Object Repository/IDEATION/IDEAS/OC_STATUS_FIELD' is visible

2019-02-04 15:41:13 - [TEST_STEP][PASSED] - mouseOver(findTestObject("IDEATION/IDEAS/OC_STATUS_FIELD")): Object: 'Object Repository/IDEATION/IDEAS/OC_STATUS_FIELD' is hovered

2019-02-04 15:41:13 - [MESSAGE][PASSED] - Object: 'Object Repository/IDEATION/IDEAS/OC_STATUS_FIELD' is hovered

2019-02-04 15:41:13 - [TEST_STEP][PASSED] - click(findTestObject("IDEATION/IDEAS/OC_STATUS_FIELD")): Object: 'Object Repository/IDEATION/IDEAS/OC_STATUS_FIELD' is clicked on

2019-02-04 15:41:14 - [MESSAGE][PASSED] - Object: 'Object Repository/IDEATION/IDEAS/OC_STATUS_FIELD' is clicked on

2019-02-04 15:41:14 - [TEST_STEP][PASSED] - waitForElementVisible(findTestObject("IDEATION/IDEAS/OC_STATUS_DROPDOWN"), 60): Object 'Object Repository/IDEATION/IDEAS/OC_STATUS_DROPDOWN' is visible

2019-02-04 15:41:14 - [MESSAGE][PASSED] - Object 'Object Repository/IDEATION/IDEAS/OC_STATUS_DROPDOWN' is visible

2019-02-04 15:41:14 - [TEST_STEP][PASSED] - stratapp.Dropdown.Select(findTestObject("IDEATION/IDEAS/OC_STATUS_DROPDOWN"), IDEA_STATUS): stratapp.Dropdown.Select is PASSED

2019-02-04 15:41:14 - [MESSAGE][INFO] - deferred is not part of dropdown list

2019-02-04 15:41:14 - [MESSAGE][PASSED] - stratapp.Dropdown.Select is PASSED

2019-02-04 15:41:14 - [TEST_STEP][PASSED] - mouseOver(findTestObject("IDEATION/IDEAS/OC_IMPORTANCE_FIELD")): Object: 'Object Repository/IDEATION/IDEAS/OC_IMPORTANCE_FIELD' is hovered

2019-02-04 15:41:14 - [MESSAGE][PASSED] - Object: 'Object Repository/IDEATION/IDEAS/OC_IMPORTANCE_FIELD' is hovered

2019-02-04 15:41:14 - [TEST_STEP][PASSED] - click(findTestObject("IDEATION/IDEAS/OC_IMPORTANCE_FIELD")): Object: 'Object Repository/IDEATION/IDEAS/OC_IMPORTANCE_FIELD' is clicked on

2019-02-04 15:41:14 - [MESSAGE][PASSED] - Object: 'Object Repository/IDEATION/IDEAS/OC_IMPORTANCE_FIELD' is clicked on

2019-02-04 15:41:14 - [TEST_STEP][PASSED] - stratapp.Dropdown.Select(findTestObject("IDEATION/IDEAS/OC_IMPORTANCE_DROPDOWN"), IDEA_IMPORTANCE): stratapp.Dropdown.Select is PASSED

2019-02-04 15:41:14 - [MESSAGE][INFO] - framing is not part of dropdown list

2019-02-04 15:41:14 - [MESSAGE][PASSED] - stratapp.Dropdown.Select is PASSED

2019-02-04 15:41:14 - [TEST_STEP][PASSED] - mouseOver(findTestObject("IDEATION/IDEAS/OC_SECURITY_FIELD")): Object: 'Object Repository/IDEATION/IDEAS/OC_SECURITY_FIELD' is hovered

2019-02-04 15:41:15 - [MESSAGE][PASSED] - Object: 'Object Repository/IDEATION/IDEAS/OC_SECURITY_FIELD' is hovered

2019-02-04 15:41:15 - [TEST_STEP][PASSED] - click(findTestObject("IDEATION/IDEAS/OC_SECURITY_FIELD")): Object: 'Object Repository/IDEATION/IDEAS/OC_SECURITY_FIELD' is clicked on

2019-02-04 15:41:15 - [MESSAGE][PASSED] - Object: 'Object Repository/IDEATION/IDEAS/OC_SECURITY_FIELD' is clicked on

2019-02-04 15:41:15 - [TEST_STEP][PASSED] - stratapp.Dropdown.Select(findTestObject("IDEATION/IDEAS/OC_SECURITY_DROPDOWN"), IDEA_SECURITY): stratapp.Dropdown.Select is PASSED

2019-02-04 15:41:15 - [MESSAGE][INFO] - confidential is not part of dropdown list

2019-02-04 15:41:15 - [MESSAGE][PASSED] - stratapp.Dropdown.Select is PASSED

2019-02-04 15:41:15 - [TEST_STEP][PASSED] - mouseOver(findTestObject("IDEATION/IDEAS/OC_SOURCE_FIELD")): Object: 'Object Repository/IDEATION/IDEAS/OC_SOURCE_FIELD' is hovered

2019-02-04 15:41:15 - [MESSAGE][PASSED] - Object: 'Object Repository/IDEATION/IDEAS/OC_SOURCE_FIELD' is hovered

2019-02-04 15:41:15 - [TEST_STEP][PASSED] - click(findTestObject("IDEATION/IDEAS/OC_SOURCE_FIELD")): Object: 'Object Repository/IDEATION/IDEAS/OC_SOURCE_FIELD' is clicked on

2019-02-04 15:41:15 - [MESSAGE][PASSED] - Object: 'Object Repository/IDEATION/IDEAS/OC_SOURCE_FIELD' is clicked on

2019-02-04 15:41:15 - [TEST_STEP][PASSED] - mouseOver(findTestObject("IDEATION/IDEAS/OC_SOURCE_TYPE_BUTTON")): Object: 'Object Repository/IDEATION/IDEAS/OC_SOURCE_TYPE_BUTTON' is hovered

2019-02-04 15:41:15 - [MESSAGE][PASSED] - Object: 'Object Repository/IDEATION/IDEAS/OC_SOURCE_TYPE_BUTTON' is hovered

2019-02-04 15:41:15 - [TEST_STEP][PASSED] - click(findTestObject("IDEATION/IDEAS/OC_SOURCE_TYPE_BUTTON")): Object: 'Object Repository/IDEATION/IDEAS/OC_SOURCE_TYPE_BUTTON' is clicked on

2019-02-04 15:41:15 - [MESSAGE][PASSED] - Object: 'Object Repository/IDEATION/IDEAS/OC_SOURCE_TYPE_BUTTON' is clicked on

2019-02-04 15:41:15 - [TEST_STEP][PASSED] - waitForElementVisible(findTestObject("IDEATION/IDEAS/OC_STATUS_DROPDOWN"), 60): Object 'Object Repository/IDEATION/IDEAS/OC_STATUS_DROPDOWN' is visible

2019-02-04 15:41:15 - [MESSAGE][PASSED] - Object 'Object Repository/IDEATION/IDEAS/OC_STATUS_DROPDOWN' is visible

2019-02-04 15:41:15 - [TEST_STEP][PASSED] - stratapp.Dropdown.AddSource(findTestObject("IDEATION/IDEAS/OC_SOURCE_DROPDOWN"), IDEA_SOURCE): stratapp.Dropdown.AddSource is PASSED

2019-02-04 15:41:16 - [MESSAGE][INFO] -  selected

2019-02-04 15:41:21 - [MESSAGE][PASSED] - Delayed 5 second(s)

2019-02-04 15:41:22 - [MESSAGE][PASSED] - stratapp.Dropdown.AddSource is PASSED

2019-02-04 15:41:22 - [TEST_STEP][PASSED] - mouseOver(findTestObject("IDEATION/LV2 NAV/THE_IDEA_CHALLENGE/OC_ADD_EDIT_CONTENT_BUTTON")): Object: 'Object Repository/IDEATION/LV2 NAV/THE_IDEA_CHALLENGE/OC_ADD_EDIT_CONTENT_BUTTON' is hovered

2019-02-04 15:41:22 - [MESSAGE][PASSED] - Object: 'Object Repository/IDEATION/LV2 NAV/THE_IDEA_CHALLENGE/OC_ADD_EDIT_CONTENT_BUTTON' is hovered

2019-02-04 15:41:22 - [TEST_STEP][PASSED] - click(findTestObject("IDEATION/LV2 NAV/THE_IDEA_CHALLENGE/OC_ADD_EDIT_CONTENT_BUTTON")): Object: 'Object Repository/IDEATION/LV2 NAV/THE_IDEA_CHALLENGE/OC_ADD_EDIT_CONTENT_BUTTON' is clicked on

2019-02-04 15:41:22 - [MESSAGE][PASSED] - Object: 'Object Repository/IDEATION/LV2 NAV/THE_IDEA_CHALLENGE/OC_ADD_EDIT_CONTENT_BUTTON' is clicked on

2019-02-04 15:41:22 - [TEST_STEP][PASSED] - waitForElementVisible(findTestObject("IDEATION/LV2 NAV/THE_IDEA_CHALLENGE/OC_SUMMARY_TEXTAREA"), 60): Object 'Object Repository/IDEATION/LV2 NAV/THE_IDEA_CHALLENGE/OC_SUMMARY_TEXTAREA' is visible

2019-02-04 15:41:22 - [MESSAGE][PASSED] - Object 'Object Repository/IDEATION/LV2 NAV/THE_IDEA_CHALLENGE/OC_SUMMARY_TEXTAREA' is visible

2019-02-04 15:41:22 - [TEST_STEP][PASSED] - mouseOver(findTestObject("IDEATION/LV2 NAV/THE_IDEA_CHALLENGE/OC_SUMMARY_TEXTAREA")): Object: 'Object Repository/IDEATION/LV2 NAV/THE_IDEA_CHALLENGE/OC_SUMMARY_TEXTAREA' is hovered

2019-02-04 15:41:22 - [MESSAGE][PASSED] - Object: 'Object Repository/IDEATION/LV2 NAV/THE_IDEA_CHALLENGE/OC_SUMMARY_TEXTAREA' is hovered

2019-02-04 15:41:22 - [TEST_STEP][PASSED] - click(findTestObject("IDEATION/LV2 NAV/THE_IDEA_CHALLENGE/OC_SUMMARY_TEXTAREA")): Object: 'Object Repository/IDEATION/LV2 NAV/THE_IDEA_CHALLENGE/OC_SUMMARY_TEXTAREA' is clicked on

2019-02-04 15:41:22 - [MESSAGE][PASSED] - Object: 'Object Repository/IDEATION/LV2 NAV/THE_IDEA_CHALLENGE/OC_SUMMARY_TEXTAREA' is clicked on

2019-02-04 15:41:22 - [TEST_STEP][PASSED] - stratapp.NonInput.SendKeys(findTestObject("IDEATION/LV2 NAV/THE_IDEA_CHALLENGE/OC_SUMMARY_TEXTAREA"), IDEA_SUMMARY): stratapp.NonInput.SendKeys is PASSED

2019-02-04 15:41:23 - [MESSAGE][PASSED] - stratapp.NonInput.SendKeys is PASSED

2019-02-04 15:41:23 - [TEST_STEP][PASSED] - mouseOver(findTestObject("IDEATION/LV2 NAV/THE_IDEA_CHALLENGE/OC_SAVE_BUTTON"), CONTINUE_ON_FAILURE): Object: 'Object Repository/IDEATION/LV2 NAV/THE_IDEA_CHALLENGE/OC_SAVE_BUTTON' is hovered

2019-02-04 15:41:23 - [MESSAGE][PASSED] - Object: 'Object Repository/IDEATION/LV2 NAV/THE_IDEA_CHALLENGE/OC_SAVE_BUTTON' is hovered

2019-02-04 15:41:23 - [TEST_STEP][PASSED] - click(findTestObject("IDEATION/LV2 NAV/THE_IDEA_CHALLENGE/OC_SAVE_BUTTON")): Object: 'Object Repository/IDEATION/LV2 NAV/THE_IDEA_CHALLENGE/OC_SAVE_BUTTON' is clicked on

2019-02-04 15:41:23 - [MESSAGE][PASSED] - Object: 'Object Repository/IDEATION/LV2 NAV/THE_IDEA_CHALLENGE/OC_SAVE_BUTTON' is clicked on

2019-02-04 15:41:23 - [TEST_STEP][PASSED] - waitForElementVisible(findTestObject("IDEATION/LV2 NAV/THE_IDEA_CHALLENGE/OC_SUMMARY_PARAGRAPH"), 60): Object 'Object Repository/IDEATION/LV2 NAV/THE_IDEA_CHALLENGE/OC_SUMMARY_PARAGRAPH' is visible

2019-02-04 15:41:23 - [MESSAGE][PASSED] - Object 'Object Repository/IDEATION/LV2 NAV/THE_IDEA_CHALLENGE/OC_SUMMARY_PARAGRAPH' is visible

2019-02-04 15:41:23 - [TEST_STEP][PASSED] - verifyElementText(findTestObject("IDEATION/IDEAS/OC_STATUS_FIELD"), IDEA_STATUS.toUpperCase(), CONTINUE_ON_FAILURE): Actual text and expected text of test object 'Object Repository/IDEATION/IDEAS/OC_STATUS_FIELD' are matched.

2019-02-04 15:41:23 - [MESSAGE][PASSED] - Actual text and expected text of test object 'Object Repository/IDEATION/IDEAS/OC_STATUS_FIELD' are matched.

2019-02-04 15:41:23 - [TEST_STEP][PASSED] - verifyElementText(findTestObject("IDEATION/IDEAS/OC_IMPORTANCE_FIELD"), IDEA_IMPORTANCE, CONTINUE_ON_FAILURE): Actual text and expected text of test object 'Object Repository/IDEATION/IDEAS/OC_IMPORTANCE_FIELD' are matched.

2019-02-04 15:41:23 - [MESSAGE][PASSED] - Actual text and expected text of test object 'Object Repository/IDEATION/IDEAS/OC_IMPORTANCE_FIELD' are matched.

2019-02-04 15:41:23 - [TEST_STEP][PASSED] - verifyElementText(findTestObject("IDEATION/IDEAS/OC_SECURITY_FIELD"), IDEA_SECURITY, CONTINUE_ON_FAILURE): Actual text and expected text of test object 'Object Repository/IDEATION/IDEAS/OC_SECURITY_FIELD' are matched.

2019-02-04 15:41:23 - [MESSAGE][PASSED] - Actual text and expected text of test object 'Object Repository/IDEATION/IDEAS/OC_SECURITY_FIELD' are matched.

2019-02-04 15:41:23 - [TEST_STEP][PASSED] - verifyElementText(findTestObject("IDEATION/IDEAS/OC_USERNAME_LINK"), UserName, CONTINUE_ON_FAILURE): Actual text and expected text of test object 'Object Repository/IDEATION/IDEAS/OC_USERNAME_LINK' are matched.

2019-02-04 15:41:23 - [MESSAGE][PASSED] - Actual text and expected text of test object 'Object Repository/IDEATION/IDEAS/OC_USERNAME_LINK' are matched.

2019-02-04 15:41:23 - [TEST_STEP][PASSED] - verifyElementText(findTestObject("IDEATION/LV2 NAV/THE_IDEA_CHALLENGE/OC_SUMMARY_PARAGRAPH"), IDEA_SUMMARY, CONTINUE_ON_FAILURE): Actual text and expected text of test object 'Object Repository/IDEATION/LV2 NAV/THE_IDEA_CHALLENGE/OC_SUMMARY_PARAGRAPH' are matched.

2019-02-04 15:41:23 - [MESSAGE][PASSED] - Actual text and expected text of test object 'Object Repository/IDEATION/LV2 NAV/THE_IDEA_CHALLENGE/OC_SUMMARY_PARAGRAPH' are matched.

2019-02-04 15:41:23 - [TEST_STEP][PASSED] - mouseOver(findTestObject("IDEATION/IDEAS/OC_CLOSE_BUTTON")): Object: 'Object Repository/IDEATION/IDEAS/OC_CLOSE_BUTTON' is hovered

2019-02-04 15:41:23 - [MESSAGE][PASSED] - Object: 'Object Repository/IDEATION/IDEAS/OC_CLOSE_BUTTON' is hovered

2019-02-04 15:41:23 - [TEST_STEP][PASSED] - click(findTestObject("IDEATION/IDEAS/OC_CLOSE_BUTTON")): Object: 'Object Repository/IDEATION/IDEAS/OC_CLOSE_BUTTON' is clicked on

2019-02-04 15:41:23 - [MESSAGE][PASSED] - Object: 'Object Repository/IDEATION/IDEAS/OC_CLOSE_BUTTON' is clicked on

2019-02-04 15:41:23 - [TEST_STEP][PASSED] - setText(findTestObject("IDEATION/IDEAS/LV_SEARCH_TEXTFIELD"), IDEA_TITLE): Text 'AUTO IDEA VALID TITLE' is set on object 'Object Repository/IDEATION/IDEAS/LV_SEARCH_TEXTFIELD'

2019-02-04 15:41:24 - [MESSAGE][PASSED] - Text 'AUTO IDEA VALID TITLE' is set on object 'Object Repository/IDEATION/IDEAS/LV_SEARCH_TEXTFIELD'

2019-02-04 15:41:24 - [TEST_STEP][PASSED] - waitForElementPresent(findTestObject("IDEATION/IDEAS/LV_IDEA_TITLE"), 60): Object 'Object Repository/IDEATION/IDEAS/LV_IDEA_TITLE' is present

2019-02-04 15:41:24 - [MESSAGE][PASSED] - Object 'Object Repository/IDEATION/IDEAS/LV_IDEA_TITLE' is present

2019-02-04 15:41:24 - [TEST_STEP][PASSED] - verifyElementText(findTestObject("IDEATION/IDEAS/LV_IDEA_TITLE"), IDEA_TITLE): Actual text and expected text of test object 'Object Repository/IDEATION/IDEAS/LV_IDEA_TITLE' are matched.

2019-02-04 15:41:24 - [MESSAGE][PASSED] - Actual text and expected text of test object 'Object Repository/IDEATION/IDEAS/LV_IDEA_TITLE' are matched.

2019-02-04 15:41:24 - [TEST_STEP][PASSED] - verifyElementText(findTestObject("IDEATION/IDEAS/LV_STATUS_FIELD"), IDEA_STATUS.toUpperCase()): Actual text and expected text of test object 'Object Repository/IDEATION/IDEAS/LV_STATUS_FIELD' are matched.

2019-02-04 15:41:24 - [MESSAGE][PASSED] - Actual text and expected text of test object 'Object Repository/IDEATION/IDEAS/LV_STATUS_FIELD' are matched.

2019-02-04 15:41:24 - [TEST_STEP][PASSED] - verifyElementText(findTestObject("IDEATION/IDEAS/LV_IMPORTANCE_FIELD"), IDEA_IMPORTANCE): Actual text and expected text of test object 'Object Repository/IDEATION/IDEAS/LV_IMPORTANCE_FIELD' are matched.

2019-02-04 15:41:24 - [MESSAGE][PASSED] - Actual text and expected text of test object 'Object Repository/IDEATION/IDEAS/LV_IMPORTANCE_FIELD' are matched.]]></system-out>
         <system-err><![CDATA[]]></system-err>
      </testcase>
      <system-out><![CDATA[2019-02-04 15:40:54 - [TEST_SUITE][PASSED] - Validate if user can add new idea: Test Cases/TEMPLATES/IDEATION/IDEA/IDEA_ADD_TEMPLATE]]></system-out>
      <system-err><![CDATA[]]></system-err>
   </testsuite>
</testsuites>
