<?xml version="1.0" encoding="UTF-8"?>
<testsuites name="Validate if user can add members" time="31" tests="1" failures="0" errors="0">
   <testsuite name="Validate if user can add members" tests="1" failures="0" errors="0" time="31" timestamp="2019-02-04 18:49:01" hostname="JohnSeigfredManzanar - YSPC-STRATAPPQA" id="Test Suites/Regression/Ideation/Idea/Validate if user can add members">
      <properties>
         <property name="deviceName" value=""/>
         <property name="devicePlatform" value=""/>
         <property name="logFolder" value="C:\\Users\\JohnSeigfredManzanar\\Katalon Studio\\StratApp\\Reports\\Regression\\Ideation\\Idea\\Validate if user can add members\\20190204_184857"/>
         <property name="logFiles" value="C:\\Users\\JohnSeigfredManzanar\\Katalon Studio\\StratApp\\Reports\\Regression\\Ideation\\Idea\\Validate if user can add members\\20190204_184857\\execution0.log"/>
         <property name="attachments" value=""/>
         <property name="hostName" value="JohnSeigfredManzanar - YSPC-STRATAPPQA"/>
         <property name="os" value="Windows 10 64bit"/>
         <property name="katalonVersion" value="5.10.1.1"/>
         <property name="browser" value="Chrome 71.0.3578.98"/>
         <property name="hostAddress" value="192.168.56.1"/>
         <property name="sessionId" value="ac80961f276804ae1f368d652d501231"/>
         <property name="seleniumVersion" value="3.7.1"/>
         <property name="proxyInformation" value="ProxyInformation{proxyOption=NO_PROXY, proxyServerType=HTTP, password=, proxyServerAddress=, proxyServerPort=0}"/>
         <property name="platform" value="Windows 10"/>
      </properties>
      <testcase name="Test Cases/TEMPLATES/LOGIN/LOGIN_TEMPLATE" classname="Test Cases/TEMPLATES/LOGIN/LOGIN_TEMPLATE" status="PASSED">
         <system-out><![CDATA[2019-02-04 18:49:01 - [TEST_CASE][PASSED] - Test Cases/TEMPLATES/LOGIN/LOGIN_TEMPLATE: Test Cases/TEMPLATES/LOGIN/LOGIN_TEMPLATE

2019-02-04 18:49:01 - [TEST_STEP][PASSED] - openBrowser("https://app.stratapp.ai/"): Browser is opened with url: 'https://app.stratapp.ai/'

2019-02-04 18:49:02 - [MESSAGE][INFO] - Starting 'Chrome' driver

2019-02-04 18:49:02 - [MESSAGE][INFO] - Action delay is set to 0 seconds

2019-02-04 18:49:09 - [MESSAGE][PASSED] - Browser is opened with url: 'https://app.stratapp.ai/'

2019-02-04 18:49:09 - [TEST_STEP][PASSED] - maximizeWindow(): Current window maximized

2019-02-04 18:49:10 - [MESSAGE][PASSED] - Current window maximized

2019-02-04 18:49:10 - [TEST_STEP][PASSED] - waitForElementPresent(findTestObject("LOGIN/EMAIL_ADD_TEXTFIELD"), 60): Object 'Object Repository/LOGIN/EMAIL_ADD_TEXTFIELD' is present

2019-02-04 18:49:10 - [MESSAGE][PASSED] - Object 'Object Repository/LOGIN/EMAIL_ADD_TEXTFIELD' is present

2019-02-04 18:49:10 - [TEST_STEP][PASSED] - setText(findTestObject("LOGIN/EMAIL_ADD_TEXTFIELD"), "noreply@you-source.com"): Text 'noreply@you-source.com' is set on object 'Object Repository/LOGIN/EMAIL_ADD_TEXTFIELD'

2019-02-04 18:49:10 - [MESSAGE][PASSED] - Text 'noreply@you-source.com' is set on object 'Object Repository/LOGIN/EMAIL_ADD_TEXTFIELD'

2019-02-04 18:49:10 - [TEST_STEP][PASSED] - click(findTestObject("LOGIN/NEXT_BUTTON")): Object: 'Object Repository/LOGIN/NEXT_BUTTON' is clicked on

2019-02-04 18:49:10 - [MESSAGE][PASSED] - Object: 'Object Repository/LOGIN/NEXT_BUTTON' is clicked on

2019-02-04 18:49:10 - [TEST_STEP][PASSED] - isGoogle = verifyElementPresent(findTestObject("LOGIN/GOOGLE_LABEL"), 60): Object 'Object Repository/LOGIN/GOOGLE_LABEL' is present

2019-02-04 18:49:12 - [MESSAGE][PASSED] - Object 'Object Repository/LOGIN/GOOGLE_LABEL' is present

2019-02-04 18:49:12 - [TEST_STEP][PASSED] - if (isGoogle): Object: 'Object Repository/LOGIN/GOOGLE_SIGNIN_BUTTON' is clicked on

2019-02-04 18:49:12 - [TEST_STEP][PASSED] - setText(findTestObject("LOGIN/GOOGLE_EMAIL_TEXTFIELD"), "noreply@you-source.com"): Text 'noreply@you-source.com' is set on object 'Object Repository/LOGIN/GOOGLE_EMAIL_TEXTFIELD'

2019-02-04 18:49:13 - [MESSAGE][PASSED] - Text 'noreply@you-source.com' is set on object 'Object Repository/LOGIN/GOOGLE_EMAIL_TEXTFIELD'

2019-02-04 18:49:13 - [TEST_STEP][PASSED] - click(findTestObject("LOGIN/GOOGLE_NEXT_BUTTON")): Object: 'Object Repository/LOGIN/GOOGLE_NEXT_BUTTON' is clicked on

2019-02-04 18:49:13 - [MESSAGE][PASSED] - Object: 'Object Repository/LOGIN/GOOGLE_NEXT_BUTTON' is clicked on

2019-02-04 18:49:13 - [TEST_STEP][PASSED] - setText(findTestObject("LOGIN/GOOGLE_PASSWORD_TEXTFIELD"), "yousource321"): Text 'yousource321' is set on object 'Object Repository/LOGIN/GOOGLE_PASSWORD_TEXTFIELD'

2019-02-04 18:49:13 - [MESSAGE][PASSED] - Text 'yousource321' is set on object 'Object Repository/LOGIN/GOOGLE_PASSWORD_TEXTFIELD'

2019-02-04 18:49:13 - [TEST_STEP][PASSED] - click(findTestObject("LOGIN/GOOGLE_SIGNIN_BUTTON")): Object: 'Object Repository/LOGIN/GOOGLE_SIGNIN_BUTTON' is clicked on

2019-02-04 18:49:17 - [MESSAGE][PASSED] - Object: 'Object Repository/LOGIN/GOOGLE_SIGNIN_BUTTON' is clicked on

2019-02-04 18:49:17 - [TEST_STEP][PASSED] - waitForElementPresent(findTestObject("HOME/HEADLINES_TAB"), 60): Object 'Object Repository/HOME/HEADLINES_TAB' is present

2019-02-04 18:49:31 - [MESSAGE][PASSED] - Object 'Object Repository/HOME/HEADLINES_TAB' is present

2019-02-04 18:49:31 - [TEST_STEP][PASSED] - stratapp.Login.GetUserName(): stratapp.Login.GetUserName is PASSED

2019-02-04 18:49:31 - [MESSAGE][INFO] - User JSON {"firstName":"No","lastName":"Reply","fullName":"No Reply","tenantId":"f385ee6b-2a69-4463-9fc8-01259f2c5c03","userId":"37c0108d-8dbd-46cd-aeeb-ca484d1d8c22","role":["PeopleAdmin","StrategyAdmin","IdeationAdmin","HeadlinesAdmin","HRAdmin","BillingAdmin","Admin","SuperAdmin"]}

2019-02-04 18:49:32 - [MESSAGE][INFO] - Full Name: No Reply

2019-02-04 18:49:32 - [MESSAGE][PASSED] - stratapp.Login.GetUserName is PASSED

2019-02-04 18:49:32 - [TEST_STEP][PASSED] - stratapp.Members.VerifyMember("Test", "Test1|Test2"): stratapp.Members.VerifyMember is PASSED

2019-02-04 18:49:32 - [MESSAGE][INFO] - T

2019-02-04 18:49:32 - [MESSAGE][INFO] - e

2019-02-04 18:49:32 - [MESSAGE][INFO] - s

2019-02-04 18:49:32 - [MESSAGE][INFO] - t

2019-02-04 18:49:32 - [MESSAGE][INFO] - 1

2019-02-04 18:49:32 - [MESSAGE][INFO] - |

2019-02-04 18:49:32 - [MESSAGE][INFO] - T

2019-02-04 18:49:32 - [MESSAGE][INFO] - e

2019-02-04 18:49:32 - [MESSAGE][INFO] - s

2019-02-04 18:49:32 - [MESSAGE][INFO] - t

2019-02-04 18:49:32 - [MESSAGE][INFO] - 2

2019-02-04 18:49:32 - [MESSAGE][PASSED] - stratapp.Members.VerifyMember is PASSED]]></system-out>
         <system-err><![CDATA[]]></system-err>
      </testcase>
      <system-out><![CDATA[2019-02-04 18:49:01 - [TEST_SUITE][PASSED] - Validate if user can add members: Test Cases/TEMPLATES/LOGIN/LOGIN_TEMPLATE]]></system-out>
      <system-err><![CDATA[]]></system-err>
   </testsuite>
</testsuites>
